!SESSION 2018-07-16 13:51:03.909 -----------------------------------------------
eclipse.buildId=4.6.3.M20170301-0400
java.version=1.8.0_151
java.vendor=Oracle Corporation
BootLoader constants: OS=win32, ARCH=x86_64, WS=win32, NL=zh_CN
Framework arguments:  -product org.eclipse.epp.package.jee.product
Command-line arguments:  -os win32 -ws win32 -arch x86_64 -product org.eclipse.epp.package.jee.product

!ENTRY org.eclipse.egit.ui 2 0 2018-07-16 13:53:04.789
!MESSAGE Warning: The environment variable HOME is not set. The following directory will be used to store the Git
user global configuration and to define the default location to store repositories: 'C:\Users\Zcxu'. If this is
not correct please set the HOME environment variable and restart Eclipse. Otherwise Git for Windows and
EGit might behave differently since they see different configuration options.
This warning can be switched off on the Team > Git > Confirmations and Warnings preference page.

!ENTRY org.python.pydev.shared_core 1 1 2018-07-16 13:54:54.662
!MESSAGE Information about process of adding new interpreter:
- Opening dialog to request executable (or jar).
- Chosen interpreter (name and file):'Tuple [D:\program_file\py364\python3.exe -- D:\program_file\py364\python3.exe]
- Ok, file is non-null. Getting info on:D:\program_file\py364\python3.exe
- Beggining task:Getting libs totalWork:100
- Setting task name:Mounting executable string...
- Setting task name:Executing:  D:\program_file\py364\python3.exe -u D:\eclipse\plugins\org.python.pydev_6.0.0.201709191431\pysrc\interpreterInfo.py
- Setting task name:Making pythonpath environment... D:\program_file\py364\python3.exe -u D:\eclipse\plugins\org.python.pydev_6.0.0.201709191431\pysrc\interpreterInfo.py
- Setting task name:Making exec... D:\program_file\py364\python3.exe -u D:\eclipse\plugins\org.python.pydev_6.0.0.201709191431\pysrc\interpreterInfo.py
- Setting task name:Reading output...
- Setting task name:Waiting for process to finish.
- Success getting the info. Result:<xml>
<name>D:\program_file\py364\python3.exe</name>
<version>3.6</version>
<executable>D:\program_file\py364\python3.exe</executable>
<lib>D:\program_file\py364\DLLs</lib>
<lib>D:\program_file\py364\lib</lib>
<lib>D:\program_file\py364</lib>
<lib>D:\program_file\py364\lib\site-packages</lib>
<forced_lib>Image</forced_lib>
<forced_lib>OpenGL</forced_lib>
<forced_lib>_ast</forced_lib>
<forced_lib>_bisect</forced_lib>
<forced_lib>_blake2</forced_lib>
<forced_lib>_bytesio</forced_lib>
<forced_lib>_codecs</forced_lib>
<forced_lib>_codecs_cn</forced_lib>
<forced_lib>_codecs_hk</forced_lib>
<forced_lib>_codecs_iso2022</forced_lib>
<forced_lib>_codecs_jp</forced_lib>
<forced_lib>_codecs_kr</forced_lib>
<forced_lib>_codecs_tw</forced_lib>
<forced_lib>_collections</forced_lib>
<forced_lib>_csv</forced_lib>
<forced_lib>_datetime</forced_lib>
<forced_lib>_fileio</forced_lib>
<forced_lib>_findvs</forced_lib>
<forced_lib>_functools</forced_lib>
<forced_lib>_heapq</forced_lib>
<forced_lib>_hotshot</forced_lib>
<forced_lib>_imp</forced_lib>
<forced_lib>_io</forced_lib>
<forced_lib>_json</forced_lib>
<forced_lib>_locale</forced_lib>
<forced_lib>_lsprof</forced_lib>
<forced_lib>_md5</forced_lib>
<forced_lib>_multibytecodec</forced_lib>
<forced_lib>_opcode</forced_lib>
<forced_lib>_operator</forced_lib>
<forced_lib>_pickle</forced_lib>
<forced_lib>_random</forced_lib>
<forced_lib>_sha</forced_lib>
<forced_lib>_sha1</forced_lib>
<forced_lib>_sha256</forced_lib>
<forced_lib>_sha3</forced_lib>
<forced_lib>_sha512</forced_lib>
<forced_lib>_signal</forced_lib>
<forced_lib>_sre</forced_lib>
<forced_lib>_stat</forced_lib>
<forced_lib>_string</forced_lib>
<forced_lib>_struct</forced_lib>
<forced_lib>_subprocess</forced_lib>
<forced_lib>_symtable</forced_lib>
<forced_lib>_thread</forced_lib>
<forced_lib>_tracemalloc</forced_lib>
<forced_lib>_warnings</forced_lib>
<forced_lib>_weakref</forced_lib>
<forced_lib>_winapi</forced_lib>
<forced_lib>_winreg</forced_lib>
<forced_lib>array</forced_lib>
<forced_lib>atexit</forced_lib>
<forced_lib>audioop</forced_lib>
<forced_lib>binascii</forced_lib>
<forced_lib>builtins</forced_lib>
<forced_lib>cPickle</forced_lib>
<forced_lib>cStringIO</forced_lib>
<forced_lib>cmath</forced_lib>
<forced_lib>cv2</forced_lib>
<forced_lib>datetime</forced_lib>
<forced_lib>email</forced_lib>
<forced_lib>errno</forced_lib>
<forced_lib>exceptions</forced_lib>
<forced_lib>faulthandler</forced_lib>
<forced_lib>future_builtins</forced_lib>
<forced_lib>gc</forced_lib>
<forced_lib>gi</forced_lib>
<forced_lib>hashlib</forced_lib>
<forced_lib>imageop</forced_lib>
<forced_lib>imp</forced_lib>
<forced_lib>itertools</forced_lib>
<forced_lib>marshal</forced_lib>
<forced_lib>math</forced_lib>
<forced_lib>mmap</forced_lib>
<forced_lib>mock</forced_lib>
<forced_lib>msvcrt</forced_lib>
<forced_lib>multiprocessing</forced_lib>
<forced_lib>mutagen</forced_lib>
<forced_lib>nt</forced_lib>
<forced_lib>numpy</forced_lib>
<forced_lib>operator</forced_lib>
<forced_lib>os</forced_lib>
<forced_lib>os.path</forced_lib>
<forced_lib>parser</forced_lib>
<forced_lib>pytest</forced_lib>
<forced_lib>scipy</forced_lib>
<forced_lib>signal</forced_lib>
<forced_lib>six</forced_lib>
<forced_lib>socket</forced_lib>
<forced_lib>ssl</forced_lib>
<forced_lib>strop</forced_lib>
<forced_lib>sys</forced_lib>
<forced_lib>thread</forced_lib>
<forced_lib>time</forced_lib>
<forced_lib>werkzeug</forced_lib>
<forced_lib>winreg</forced_lib>
<forced_lib>wx</forced_lib>
<forced_lib>wxPython</forced_lib>
<forced_lib>xxsubtype</forced_lib>
<forced_lib>zipimport</forced_lib>
<forced_lib>zlib</forced_lib>
<string_substitution_var><key>PY</key><value>36</value></string_substitution_var>
</xml>

!STACK 0
java.lang.RuntimeException: Information about process of adding new interpreter:
- Opening dialog to request executable (or jar).
- Chosen interpreter (name and file):'Tuple [D:\program_file\py364\python3.exe -- D:\program_file\py364\python3.exe]
- Ok, file is non-null. Getting info on:D:\program_file\py364\python3.exe
- Beggining task:Getting libs totalWork:100
- Setting task name:Mounting executable string...
- Setting task name:Executing:  D:\program_file\py364\python3.exe -u D:\eclipse\plugins\org.python.pydev_6.0.0.201709191431\pysrc\interpreterInfo.py
- Setting task name:Making pythonpath environment... D:\program_file\py364\python3.exe -u D:\eclipse\plugins\org.python.pydev_6.0.0.201709191431\pysrc\interpreterInfo.py
- Setting task name:Making exec... D:\program_file\py364\python3.exe -u D:\eclipse\plugins\org.python.pydev_6.0.0.201709191431\pysrc\interpreterInfo.py
- Setting task name:Reading output...
- Setting task name:Waiting for process to finish.
- Success getting the info. Result:<xml>
<name>D:\program_file\py364\python3.exe</name>
<version>3.6</version>
<executable>D:\program_file\py364\python3.exe</executable>
<lib>D:\program_file\py364\DLLs</lib>
<lib>D:\program_file\py364\lib</lib>
<lib>D:\program_file\py364</lib>
<lib>D:\program_file\py364\lib\site-packages</lib>
<forced_lib>Image</forced_lib>
<forced_lib>OpenGL</forced_lib>
<forced_lib>_ast</forced_lib>
<forced_lib>_bisect</forced_lib>
<forced_lib>_blake2</forced_lib>
<forced_lib>_bytesio</forced_lib>
<forced_lib>_codecs</forced_lib>
<forced_lib>_codecs_cn</forced_lib>
<forced_lib>_codecs_hk</forced_lib>
<forced_lib>_codecs_iso2022</forced_lib>
<forced_lib>_codecs_jp</forced_lib>
<forced_lib>_codecs_kr</forced_lib>
<forced_lib>_codecs_tw</forced_lib>
<forced_lib>_collections</forced_lib>
<forced_lib>_csv</forced_lib>
<forced_lib>_datetime</forced_lib>
<forced_lib>_fileio</forced_lib>
<forced_lib>_findvs</forced_lib>
<forced_lib>_functools</forced_lib>
<forced_lib>_heapq</forced_lib>
<forced_lib>_hotshot</forced_lib>
<forced_lib>_imp</forced_lib>
<forced_lib>_io</forced_lib>
<forced_lib>_json</forced_lib>
<forced_lib>_locale</forced_lib>
<forced_lib>_lsprof</forced_lib>
<forced_lib>_md5</forced_lib>
<forced_lib>_multibytecodec</forced_lib>
<forced_lib>_opcode</forced_lib>
<forced_lib>_operator</forced_lib>
<forced_lib>_pickle</forced_lib>
<forced_lib>_random</forced_lib>
<forced_lib>_sha</forced_lib>
<forced_lib>_sha1</forced_lib>
<forced_lib>_sha256</forced_lib>
<forced_lib>_sha3</forced_lib>
<forced_lib>_sha512</forced_lib>
<forced_lib>_signal</forced_lib>
<forced_lib>_sre</forced_lib>
<forced_lib>_stat</forced_lib>
<forced_lib>_string</forced_lib>
<forced_lib>_struct</forced_lib>
<forced_lib>_subprocess</forced_lib>
<forced_lib>_symtable</forced_lib>
<forced_lib>_thread</forced_lib>
<forced_lib>_tracemalloc</forced_lib>
<forced_lib>_warnings</forced_lib>
<forced_lib>_weakref</forced_lib>
<forced_lib>_winapi</forced_lib>
<forced_lib>_winreg</forced_lib>
<forced_lib>array</forced_lib>
<forced_lib>atexit</forced_lib>
<forced_lib>audioop</forced_lib>
<forced_lib>binascii</forced_lib>
<forced_lib>builtins</forced_lib>
<forced_lib>cPickle</forced_lib>
<forced_lib>cStringIO</forced_lib>
<forced_lib>cmath</forced_lib>
<forced_lib>cv2</forced_lib>
<forced_lib>datetime</forced_lib>
<forced_lib>email</forced_lib>
<forced_lib>errno</forced_lib>
<forced_lib>exceptions</forced_lib>
<forced_lib>faulthandler</forced_lib>
<forced_lib>future_builtins</forced_lib>
<forced_lib>gc</forced_lib>
<forced_lib>gi</forced_lib>
<forced_lib>hashlib</forced_lib>
<forced_lib>imageop</forced_lib>
<forced_lib>imp</forced_lib>
<forced_lib>itertools</forced_lib>
<forced_lib>marshal</forced_lib>
<forced_lib>math</forced_lib>
<forced_lib>mmap</forced_lib>
<forced_lib>mock</forced_lib>
<forced_lib>msvcrt</forced_lib>
<forced_lib>multiprocessing</forced_lib>
<forced_lib>mutagen</forced_lib>
<forced_lib>nt</forced_lib>
<forced_lib>numpy</forced_lib>
<forced_lib>operator</forced_lib>
<forced_lib>os</forced_lib>
<forced_lib>os.path</forced_lib>
<forced_lib>parser</forced_lib>
<forced_lib>pytest</forced_lib>
<forced_lib>scipy</forced_lib>
<forced_lib>signal</forced_lib>
<forced_lib>six</forced_lib>
<forced_lib>socket</forced_lib>
<forced_lib>ssl</forced_lib>
<forced_lib>strop</forced_lib>
<forced_lib>sys</forced_lib>
<forced_lib>thread</forced_lib>
<forced_lib>time</forced_lib>
<forced_lib>werkzeug</forced_lib>
<forced_lib>winreg</forced_lib>
<forced_lib>wx</forced_lib>
<forced_lib>wxPython</forced_lib>
<forced_lib>xxsubtype</forced_lib>
<forced_lib>zipimport</forced_lib>
<forced_lib>zlib</forced_lib>
<string_substitution_var><key>PY</key><value>36</value></string_substitution_var>
</xml>

	at org.python.pydev.core.log.Log.logInfo(Log.java:66)
	at org.python.pydev.ui.pythonpathconf.AbstractInterpreterEditor.getNewInputObject(AbstractInterpreterEditor.java:1020)
	at org.python.copiedfromeclipsesrc.PythonListEditor.addPressed(PythonListEditor.java:132)
	at org.python.copiedfromeclipsesrc.PythonListEditor$1.widgetSelected(PythonListEditor.java:225)
	at org.eclipse.swt.widgets.TypedListener.handleEvent(TypedListener.java:249)
	at org.eclipse.swt.widgets.EventTable.sendEvent(EventTable.java:84)
	at org.eclipse.swt.widgets.Display.sendEvent(Display.java:4418)
	at org.eclipse.swt.widgets.Widget.sendEvent(Widget.java:1079)
	at org.eclipse.swt.widgets.Display.runDeferredEvents(Display.java:4236)
	at org.eclipse.swt.widgets.Display.readAndDispatch(Display.java:3824)
	at org.eclipse.jface.window.Window.runEventLoop(Window.java:818)
	at org.eclipse.jface.window.Window.open(Window.java:794)
	at org.eclipse.ui.internal.dialogs.WorkbenchPreferenceDialog.open(WorkbenchPreferenceDialog.java:211)
	at org.python.pydev.ui.PyProjectPythonDetails$ProjectInterpreterAndGrammarConfig$2.widgetSelected(PyProjectPythonDetails.java:257)
	at org.eclipse.swt.widgets.TypedListener.handleEvent(TypedListener.java:249)
	at org.eclipse.swt.widgets.EventTable.sendEvent(EventTable.java:84)
	at org.eclipse.swt.widgets.Display.sendEvent(Display.java:4418)
	at org.eclipse.swt.widgets.Widget.sendEvent(Widget.java:1079)
	at org.eclipse.swt.widgets.Widget.sendEvent(Widget.java:1103)
	at org.eclipse.swt.widgets.Widget.sendSelectionEvent(Widget.java:1120)
	at org.eclipse.swt.widgets.Link.WM_LBUTTONUP(Link.java:1035)
	at org.eclipse.swt.widgets.Control.windowProc(Control.java:4836)
	at org.eclipse.swt.widgets.Display.windowProc(Display.java:5110)
	at org.eclipse.swt.internal.win32.OS.DispatchMessageW(Native Method)
	at org.eclipse.swt.internal.win32.OS.DispatchMessage(OS.java:2552)
	at org.eclipse.swt.widgets.Display.readAndDispatch(Display.java:3822)
	at org.eclipse.jface.window.Window.runEventLoop(Window.java:818)
	at org.eclipse.jface.window.Window.open(Window.java:794)
	at org.eclipse.ui.internal.handlers.WizardHandler$New.executeHandler(WizardHandler.java:269)
	at org.eclipse.ui.internal.handlers.WizardHandler.execute(WizardHandler.java:290)
	at org.eclipse.ui.internal.handlers.HandlerProxy.execute(HandlerProxy.java:295)
	at org.eclipse.ui.internal.handlers.E4HandlerProxy.execute(E4HandlerProxy.java:90)
	at sun.reflect.NativeMethodAccessorImpl.invoke0(Native Method)
	at sun.reflect.NativeMethodAccessorImpl.invoke(Unknown Source)
	at sun.reflect.DelegatingMethodAccessorImpl.invoke(Unknown Source)
	at java.lang.reflect.Method.invoke(Unknown Source)
	at org.eclipse.e4.core.internal.di.MethodRequestor.execute(MethodRequestor.java:55)
	at org.eclipse.e4.core.internal.di.InjectorImpl.invokeUsingClass(InjectorImpl.java:282)
	at org.eclipse.e4.core.internal.di.InjectorImpl.invoke(InjectorImpl.java:264)
	at org.eclipse.e4.core.contexts.ContextInjectionFactory.invoke(ContextInjectionFactory.java:132)
	at org.eclipse.e4.core.commands.internal.HandlerServiceHandler.execute(HandlerServiceHandler.java:152)
	at org.eclipse.core.commands.Command.executeWithChecks(Command.java:494)
	at org.eclipse.core.commands.ParameterizedCommand.executeWithChecks(ParameterizedCommand.java:488)
	at org.eclipse.e4.core.commands.internal.HandlerServiceImpl.executeHandler(HandlerServiceImpl.java:210)
	at org.eclipse.ui.internal.handlers.LegacyHandlerService.executeCommand(LegacyHandlerService.java:353)
	at org.eclipse.ui.internal.actions.CommandAction.runWithEvent(CommandAction.java:155)
	at org.eclipse.jface.action.ActionContributionItem.handleWidgetSelection(ActionContributionItem.java:565)
	at org.eclipse.jface.action.ActionContributionItem.lambda$4(ActionContributionItem.java:397)
	at org.eclipse.swt.widgets.EventTable.sendEvent(EventTable.java:84)
	at org.eclipse.swt.widgets.Display.sendEvent(Display.java:4418)
	at org.eclipse.swt.widgets.Widget.sendEvent(Widget.java:1079)
	at org.eclipse.swt.widgets.Display.runDeferredEvents(Display.java:4236)
	at org.eclipse.swt.widgets.Display.readAndDispatch(Display.java:3824)
	at org.eclipse.e4.ui.internal.workbench.swt.PartRenderingEngine$4.run(PartRenderingEngine.java:1121)
	at org.eclipse.core.databinding.observable.Realm.runWithDefault(Realm.java:336)
	at org.eclipse.e4.ui.internal.workbench.swt.PartRenderingEngine.run(PartRenderingEngine.java:1022)
	at org.eclipse.e4.ui.internal.workbench.E4Workbench.createAndRunUI(E4Workbench.java:150)
	at org.eclipse.ui.internal.Workbench$5.run(Workbench.java:693)
	at org.eclipse.core.databinding.observable.Realm.runWithDefault(Realm.java:336)
	at org.eclipse.ui.internal.Workbench.createAndRunWorkbench(Workbench.java:610)
	at org.eclipse.ui.PlatformUI.createAndRunWorkbench(PlatformUI.java:148)
	at org.eclipse.ui.internal.ide.application.IDEApplication.start(IDEApplication.java:138)
	at org.eclipse.equinox.internal.app.EclipseAppHandle.run(EclipseAppHandle.java:196)
	at org.eclipse.core.runtime.internal.adaptor.EclipseAppLauncher.runApplication(EclipseAppLauncher.java:134)
	at org.eclipse.core.runtime.internal.adaptor.EclipseAppLauncher.start(EclipseAppLauncher.java:104)
	at org.eclipse.core.runtime.adaptor.EclipseStarter.run(EclipseStarter.java:388)
	at org.eclipse.core.runtime.adaptor.EclipseStarter.run(EclipseStarter.java:243)
	at sun.reflect.NativeMethodAccessorImpl.invoke0(Native Method)
	at sun.reflect.NativeMethodAccessorImpl.invoke(Unknown Source)
	at sun.reflect.DelegatingMethodAccessorImpl.invoke(Unknown Source)
	at java.lang.reflect.Method.invoke(Unknown Source)
	at org.eclipse.equinox.launcher.Main.invokeFramework(Main.java:673)
	at org.eclipse.equinox.launcher.Main.basicRun(Main.java:610)
	at org.eclipse.equinox.launcher.Main.run(Main.java:1519)

!ENTRY org.python.pydev.shared_core 1 1 2018-07-16 13:54:56.271
!MESSAGE Restoring info for: D:\program_file\py364\python3.exe
!STACK 0
java.lang.RuntimeException: Restoring info for: D:\program_file\py364\python3.exe
	at org.python.pydev.ui.interpreters.AbstractInterpreterManager.getInterpretersFromPersistedString(AbstractInterpreterManager.java:529)
	at org.python.pydev.ui.interpreters.AbstractInterpreterManager.internalRecreateCacheGetInterpreterInfos(AbstractInterpreterManager.java:345)
	at org.python.pydev.ui.interpreters.AbstractInterpreterManager.setInfos(AbstractInterpreterManager.java:655)
	at org.python.pydev.ui.pythonpathconf.AbstractInterpreterPreferencesPage$5.run(AbstractInterpreterPreferencesPage.java:282)
	at org.eclipse.jface.operation.ModalContext$ModalContextThread.run(ModalContext.java:119)
Caused by: java.io.IOException: Expecting: D:\github_repo\python\django\.metadata\.plugins\org.python.pydev\v1_95yvdwn2b6mm0kn9efwcen3vk\modulesKeys to exist (and be a file).
	at org.python.pydev.editor.codecompletion.revisited.ModulesManager.loadFromFile(ModulesManager.java:293)
	at org.python.pydev.editor.codecompletion.revisited.SystemModulesManager.load(SystemModulesManager.java:397)
	at org.python.pydev.ui.interpreters.AbstractInterpreterManager.getInterpretersFromPersistedString(AbstractInterpreterManager.java:527)
	... 4 more

!ENTRY org.python.pydev.shared_core 1 1 2018-07-16 13:55:05.921
!MESSAGE Finished restoring information for: D:\program_file\py364\python3.exe at: D:\github_repo\python\django\.metadata\.plugins\org.python.pydev\v1_95yvdwn2b6mm0kn9efwcen3vk
!STACK 0
java.lang.RuntimeException: Finished restoring information for: D:\program_file\py364\python3.exe at: D:\github_repo\python\django\.metadata\.plugins\org.python.pydev\v1_95yvdwn2b6mm0kn9efwcen3vk
	at org.python.pydev.core.log.Log.logInfo(Log.java:66)
	at org.python.pydev.ui.interpreters.AbstractInterpreterManager.getInterpretersFromPersistedString(AbstractInterpreterManager.java:574)
	at org.python.pydev.ui.interpreters.AbstractInterpreterManager.internalRecreateCacheGetInterpreterInfos(AbstractInterpreterManager.java:345)
	at org.python.pydev.ui.interpreters.AbstractInterpreterManager.setInfos(AbstractInterpreterManager.java:655)
	at org.python.pydev.ui.pythonpathconf.AbstractInterpreterPreferencesPage$5.run(AbstractInterpreterPreferencesPage.java:282)
	at org.eclipse.jface.operation.ModalContext$ModalContextThread.run(ModalContext.java:119)

!ENTRY org.python.pydev.shared_core 4 4 2018-07-16 13:55:06.865
!MESSAGE Info: Rebuilding internal caches: D:\github_repo\python\django\.metadata\.plugins\com.python.pydev.analysis\python_v1_95yvdwn2b6mm0kn9efwcen3vk\python.pydevsysteminfo (Expected error to be provided and got no error!)

!ENTRY org.python.pydev.shared_core 4 4 2018-07-16 13:57:27.694
!MESSAGE ERROR reading shell. Message sent: [Ljava.lang.String;@3f8151b4

ProcessInfo:

 - Executed: D:\program_file\py364\python3.exe -u D:\eclipse\plugins\org.python.pydev_6.0.0.201709191431\pysrc\pycompletionserver.py 58485

 - Environment:
ALLUSERSPROFILE=C:\ProgramData
APPDATA=C:\Users\Zcxu\AppData\Roaming
ASL.LOG=Destination=file
CLASSPATH=.;D:\Program Files\java_jdk\lib\dt.jar;D:\Program Files\java_jdk\lib\tools.jar
COMMONPROGRAMFILES(X86)=C:\Program Files (x86)\Common Files
COMMONPROGRAMFILES=C:\Program Files\Common Files
COMMONPROGRAMW6432=C:\Program Files\Common Files
COMPUTERNAME=DESKTOP-IP3LN0E
COMSPEC=C:\WINDOWS\system32\cmd.exe
DRIVERDATA=C:\Windows\System32\Drivers\DriverData
FPS_BROWSER_APP_PROFILE_STRING=Internet Explorer
FPS_BROWSER_USER_PROFILE_STRING=Default
HOMEDRIVE=C:
HOMEPATH=\Users\Zcxu
JAVA_HOME=D:\Program Files\java_jdk
LOCALAPPDATA=C:\Users\Zcxu\AppData\Local
LOGONSERVER=\\DESKTOP-IP3LN0E
NUMBER_OF_PROCESSORS=4
NVIDIAWHITELISTED=0x01
ONEDRIVE=C:\Users\Zcxu\OneDrive
OS=Windows_NT
PATH=C:/Program Files/Java/jre1.8.0_151/bin/server;C:/Program Files/Java/jre1.8.0_151/bin;C:/Program Files/Java/jre1.8.0_151/lib/amd64;D:\program_file\py2712\Lib\site-packages\PyQt4;D:\Program Files (x86)\ImageMagick-7.0.7-Q16;C:\ProgramData\Oracle\Java\javapath;D:\program_file\py2712\;D:\program_file\py2712\Scripts;C:\WINDOWS\system32;C:\WINDOWS;C:\WINDOWS\System32\Wbem;C:\WINDOWS\System32\WindowsPowerShell\v1.0\;D:\program\python2.7.12;D:\Program Files\java_jdk\bin;D:\Program Files\Git\cmd;D:\program_file\wamp64\bin\php\php5.6.25;D:\sogouDownload\svn\bin;D:\Program Files (x86)\nodejs\;D:\Program Files (x86)\Tesseract-OCR;D:\Program Files (x86)\phantomjs-2.1.1-windows\bin;C:\Program Files (x86)\Google\Chrome\Application;D:\program_file\mysql\bin;;C:\WINDOWS\System32\OpenSSH\;D:\anoconda3;D:\anoconda3\Library\mingw-w64\bin;D:\anoconda3\Library\usr\bin;D:\anoconda3\Library\bin;D:\anoconda3\Scripts;D:\program_file\py364\Scripts\;D:\program_file\py364\;C:\Users\Zcxu\AppData\Local\Microsoft\WindowsApps;C:\Users\Zcxu\AppData\Local\atom\bin;C:\Users\Zcxu\AppData\Local\Microsoft\WindowsApps;C:\Users\Zcxu\AppData\Roaming\npm;D:\program_file\Microsoft VS Code\bin;;D:\eclipse;
PATHEXT=.COM;.EXE;.BAT;.CMD;.VBS;.VBE;.JS;.JSE;.WSF;.WSH;.MSC
PROCESSOR_ARCHITECTURE=AMD64
PROCESSOR_IDENTIFIER=Intel64 Family 6 Model 60 Stepping 3, GenuineIntel
PROCESSOR_LEVEL=6
PROCESSOR_REVISION=3c03
PROGRAMDATA=C:\ProgramData
PROGRAMFILES(X86)=C:\Program Files (x86)
PROGRAMFILES=C:\Program Files
PROGRAMW6432=C:\Program Files
PROMPT=$P$G
PSMODULEPATH=C:\Program Files\WindowsPowerShell\Modules;C:\WINDOWS\system32\WindowsPowerShell\v1.0\Modules;C:\Program Files (x86)\VMware\Infrastructure\PowerCLI\Modules
PT5HOME=D:\Program Files (x86)\transfer_sc\Cisco Packet Tracer 6.1iv
PT6HOME=D:\Program Files (x86)\transfer_sc\Cisco Packet Tracer 6.1iv
PUBLIC=C:\Users\Public
PYTHONPATH=D:\eclipse\plugins\org.python.pydev_6.0.0.201709191431\pysrc\pydev_sitecustomize;D:\program_file\py364\DLLs;D:\program_file\py364\lib;D:\program_file\py364;D:\program_file\py364\lib\site-packages
SESSIONNAME=Console
SHIM_MCCOMPAT=0x810000001
SYSTEMDRIVE=C:
SYSTEMROOT=C:\WINDOWS
TEMP=C:\Users\Zcxu\AppData\Local\Temp
TESSDATA_PREFIX=D:\Program Files (x86)\Tesseract-OCR\
TMP=C:\Users\Zcxu\AppData\Local\Temp
USERDOMAIN=DESKTOP-IP3LN0E
USERDOMAIN_ROAMINGPROFILE=DESKTOP-IP3LN0E
USERNAME=Zcxu
USERPROFILE=C:\Users\Zcxu
WINDIR=C:\WINDOWS
WORKON_HOME=D:\Coding\py_virtual_env

 - Working Dir:
D:\eclipse\plugins\org.python.pydev_6.0.0.201709191431\pysrc

 - OS:
Windows 10

 - Std output:


 - Err output:

!STACK 0
java.net.SocketTimeoutException
	at sun.nio.ch.SocketAdaptor$SocketInputStream.read(Unknown Source)
	at sun.nio.ch.ChannelInputStream.read(Unknown Source)
	at java.io.InputStream.read(Unknown Source)
	at org.python.pydev.editor.codecompletion.shell.AbstractShell.read(AbstractShell.java:454)
	at org.python.pydev.editor.codecompletion.shell.AbstractShell.read(AbstractShell.java:506)
	at org.python.pydev.editor.codecompletion.shell.AbstractShell.writeAndGetResults(AbstractShell.java:692)
	at org.python.pydev.editor.codecompletion.shell.AbstractShell.getImportCompletions(AbstractShell.java:756)
	at org.python.pydev.editor.codecompletion.revisited.modules.CompiledModule.createTokensFromServer(CompiledModule.java:373)
	at org.python.pydev.editor.codecompletion.revisited.modules.CompiledModule.<init>(CompiledModule.java:176)
	at org.python.pydev.editor.codecompletion.revisited.modules.AbstractModule.createModule(AbstractModule.java:290)
	at org.python.pydev.editor.codecompletion.revisited.ModulesManager.getModule(ModulesManager.java:942)
	at org.python.pydev.editor.codecompletion.revisited.ModulesManager.getModule(ModulesManager.java:787)
	at org.python.pydev.editor.codecompletion.revisited.SystemModulesManager.getModule(SystemModulesManager.java:376)
	at com.python.pydev.analysis.additionalinfo.AbstractAdditionalDependencyInfo.updateKeysIfNeededAndSave(AbstractAdditionalDependencyInfo.java:256)
	at com.python.pydev.analysis.system_info_builder.InterpreterInfoBuilder.syncInfoToPythonPath(InterpreterInfoBuilder.java:160)
	at com.python.pydev.analysis.system_info_builder.InterpreterInfoBuilder.syncInfoToPythonPath(InterpreterInfoBuilder.java:86)
	at org.python.pydev.editor.codecompletion.revisited.SynchSystemModulesManager.synchronizeManagerToNameToInfoPythonpath(SynchSystemModulesManager.java:390)
	at org.python.pydev.editor.codecompletion.revisited.SynchSystemModulesManager$JobApplyChanges.run(SynchSystemModulesManager.java:139)
	at org.eclipse.core.internal.jobs.Worker.run(Worker.java:55)

!ENTRY org.python.pydev.shared_core 4 4 2018-07-16 13:57:36.968
!MESSAGE ERROR reading shell. Message sent: [Ljava.lang.String;@18283e78

ProcessInfo:

 - Executed: D:\program_file\py364\python3.exe -u D:\eclipse\plugins\org.python.pydev_6.0.0.201709191431\pysrc\pycompletionserver.py 58518

 - Environment:
ALLUSERSPROFILE=C:\ProgramData
APPDATA=C:\Users\Zcxu\AppData\Roaming
ASL.LOG=Destination=file
CLASSPATH=.;D:\Program Files\java_jdk\lib\dt.jar;D:\Program Files\java_jdk\lib\tools.jar
COMMONPROGRAMFILES(X86)=C:\Program Files (x86)\Common Files
COMMONPROGRAMFILES=C:\Program Files\Common Files
COMMONPROGRAMW6432=C:\Program Files\Common Files
COMPUTERNAME=DESKTOP-IP3LN0E
COMSPEC=C:\WINDOWS\system32\cmd.exe
DRIVERDATA=C:\Windows\System32\Drivers\DriverData
FPS_BROWSER_APP_PROFILE_STRING=Internet Explorer
FPS_BROWSER_USER_PROFILE_STRING=Default
HOMEDRIVE=C:
HOMEPATH=\Users\Zcxu
JAVA_HOME=D:\Program Files\java_jdk
LOCALAPPDATA=C:\Users\Zcxu\AppData\Local
LOGONSERVER=\\DESKTOP-IP3LN0E
NUMBER_OF_PROCESSORS=4
NVIDIAWHITELISTED=0x01
ONEDRIVE=C:\Users\Zcxu\OneDrive
OS=Windows_NT
PATH=C:/Program Files/Java/jre1.8.0_151/bin/server;C:/Program Files/Java/jre1.8.0_151/bin;C:/Program Files/Java/jre1.8.0_151/lib/amd64;D:\program_file\py2712\Lib\site-packages\PyQt4;D:\Program Files (x86)\ImageMagick-7.0.7-Q16;C:\ProgramData\Oracle\Java\javapath;D:\program_file\py2712\;D:\program_file\py2712\Scripts;C:\WINDOWS\system32;C:\WINDOWS;C:\WINDOWS\System32\Wbem;C:\WINDOWS\System32\WindowsPowerShell\v1.0\;D:\program\python2.7.12;D:\Program Files\java_jdk\bin;D:\Program Files\Git\cmd;D:\program_file\wamp64\bin\php\php5.6.25;D:\sogouDownload\svn\bin;D:\Program Files (x86)\nodejs\;D:\Program Files (x86)\Tesseract-OCR;D:\Program Files (x86)\phantomjs-2.1.1-windows\bin;C:\Program Files (x86)\Google\Chrome\Application;D:\program_file\mysql\bin;;C:\WINDOWS\System32\OpenSSH\;D:\anoconda3;D:\anoconda3\Library\mingw-w64\bin;D:\anoconda3\Library\usr\bin;D:\anoconda3\Library\bin;D:\anoconda3\Scripts;D:\program_file\py364\Scripts\;D:\program_file\py364\;C:\Users\Zcxu\AppData\Local\Microsoft\WindowsApps;C:\Users\Zcxu\AppData\Local\atom\bin;C:\Users\Zcxu\AppData\Local\Microsoft\WindowsApps;C:\Users\Zcxu\AppData\Roaming\npm;D:\program_file\Microsoft VS Code\bin;;D:\eclipse;
PATHEXT=.COM;.EXE;.BAT;.CMD;.VBS;.VBE;.JS;.JSE;.WSF;.WSH;.MSC
PROCESSOR_ARCHITECTURE=AMD64
PROCESSOR_IDENTIFIER=Intel64 Family 6 Model 60 Stepping 3, GenuineIntel
PROCESSOR_LEVEL=6
PROCESSOR_REVISION=3c03
PROGRAMDATA=C:\ProgramData
PROGRAMFILES(X86)=C:\Program Files (x86)
PROGRAMFILES=C:\Program Files
PROGRAMW6432=C:\Program Files
PROMPT=$P$G
PSMODULEPATH=C:\Program Files\WindowsPowerShell\Modules;C:\WINDOWS\system32\WindowsPowerShell\v1.0\Modules;C:\Program Files (x86)\VMware\Infrastructure\PowerCLI\Modules
PT5HOME=D:\Program Files (x86)\transfer_sc\Cisco Packet Tracer 6.1iv
PT6HOME=D:\Program Files (x86)\transfer_sc\Cisco Packet Tracer 6.1iv
PUBLIC=C:\Users\Public
PYTHONPATH=D:\eclipse\plugins\org.python.pydev_6.0.0.201709191431\pysrc\pydev_sitecustomize;D:\program_file\py364\DLLs;D:\program_file\py364\lib;D:\program_file\py364;D:\program_file\py364\lib\site-packages
SESSIONNAME=Console
SHIM_MCCOMPAT=0x810000001
SYSTEMDRIVE=C:
SYSTEMROOT=C:\WINDOWS
TEMP=C:\Users\Zcxu\AppData\Local\Temp
TESSDATA_PREFIX=D:\Program Files (x86)\Tesseract-OCR\
TMP=C:\Users\Zcxu\AppData\Local\Temp
USERDOMAIN=DESKTOP-IP3LN0E
USERDOMAIN_ROAMINGPROFILE=DESKTOP-IP3LN0E
USERNAME=Zcxu
USERPROFILE=C:\Users\Zcxu
WINDIR=C:\WINDOWS
WORKON_HOME=D:\Coding\py_virtual_env

 - Working Dir:
D:\eclipse\plugins\org.python.pydev_6.0.0.201709191431\pysrc

 - OS:
Windows 10

 - Std output:


 - Err output:

!STACK 0
java.net.SocketTimeoutException
	at sun.nio.ch.SocketAdaptor$SocketInputStream.read(Unknown Source)
	at sun.nio.ch.ChannelInputStream.read(Unknown Source)
	at java.io.InputStream.read(Unknown Source)
	at org.python.pydev.editor.codecompletion.shell.AbstractShell.read(AbstractShell.java:454)
	at org.python.pydev.editor.codecompletion.shell.AbstractShell.read(AbstractShell.java:506)
	at org.python.pydev.editor.codecompletion.shell.AbstractShell.writeAndGetResults(AbstractShell.java:692)
	at org.python.pydev.editor.codecompletion.shell.AbstractShell.getImportCompletions(AbstractShell.java:756)
	at org.python.pydev.editor.codecompletion.revisited.modules.CompiledModule.createTokensFromServer(CompiledModule.java:373)
	at org.python.pydev.editor.codecompletion.revisited.modules.CompiledModule.<init>(CompiledModule.java:176)
	at org.python.pydev.editor.codecompletion.revisited.modules.AbstractModule.createModule(AbstractModule.java:290)
	at org.python.pydev.editor.codecompletion.revisited.ModulesManager.getModule(ModulesManager.java:942)
	at org.python.pydev.editor.codecompletion.revisited.ModulesManager.getModule(ModulesManager.java:787)
	at org.python.pydev.editor.codecompletion.revisited.SystemModulesManager.getModule(SystemModulesManager.java:376)
	at com.python.pydev.analysis.additionalinfo.AbstractAdditionalDependencyInfo.updateKeysIfNeededAndSave(AbstractAdditionalDependencyInfo.java:256)
	at com.python.pydev.analysis.system_info_builder.InterpreterInfoBuilder.syncInfoToPythonPath(InterpreterInfoBuilder.java:160)
	at com.python.pydev.analysis.system_info_builder.InterpreterInfoBuilder.syncInfoToPythonPath(InterpreterInfoBuilder.java:86)
	at org.python.pydev.editor.codecompletion.revisited.SynchSystemModulesManager.synchronizeManagerToNameToInfoPythonpath(SynchSystemModulesManager.java:390)
	at org.python.pydev.editor.codecompletion.revisited.SynchSystemModulesManager$JobApplyChanges.run(SynchSystemModulesManager.java:139)
	at org.eclipse.core.internal.jobs.Worker.run(Worker.java:55)

!ENTRY org.python.pydev.shared_core 4 4 2018-07-16 13:57:46.236
!MESSAGE ERROR reading shell. Message sent: [Ljava.lang.String;@2d84bd13

ProcessInfo:

 - Executed: D:\program_file\py364\python3.exe -u D:\eclipse\plugins\org.python.pydev_6.0.0.201709191431\pysrc\pycompletionserver.py 58534

 - Environment:
ALLUSERSPROFILE=C:\ProgramData
APPDATA=C:\Users\Zcxu\AppData\Roaming
ASL.LOG=Destination=file
CLASSPATH=.;D:\Program Files\java_jdk\lib\dt.jar;D:\Program Files\java_jdk\lib\tools.jar
COMMONPROGRAMFILES(X86)=C:\Program Files (x86)\Common Files
COMMONPROGRAMFILES=C:\Program Files\Common Files
COMMONPROGRAMW6432=C:\Program Files\Common Files
COMPUTERNAME=DESKTOP-IP3LN0E
COMSPEC=C:\WINDOWS\system32\cmd.exe
DRIVERDATA=C:\Windows\System32\Drivers\DriverData
FPS_BROWSER_APP_PROFILE_STRING=Internet Explorer
FPS_BROWSER_USER_PROFILE_STRING=Default
HOMEDRIVE=C:
HOMEPATH=\Users\Zcxu
JAVA_HOME=D:\Program Files\java_jdk
LOCALAPPDATA=C:\Users\Zcxu\AppData\Local
LOGONSERVER=\\DESKTOP-IP3LN0E
NUMBER_OF_PROCESSORS=4
NVIDIAWHITELISTED=0x01
ONEDRIVE=C:\Users\Zcxu\OneDrive
OS=Windows_NT
PATH=C:/Program Files/Java/jre1.8.0_151/bin/server;C:/Program Files/Java/jre1.8.0_151/bin;C:/Program Files/Java/jre1.8.0_151/lib/amd64;D:\program_file\py2712\Lib\site-packages\PyQt4;D:\Program Files (x86)\ImageMagick-7.0.7-Q16;C:\ProgramData\Oracle\Java\javapath;D:\program_file\py2712\;D:\program_file\py2712\Scripts;C:\WINDOWS\system32;C:\WINDOWS;C:\WINDOWS\System32\Wbem;C:\WINDOWS\System32\WindowsPowerShell\v1.0\;D:\program\python2.7.12;D:\Program Files\java_jdk\bin;D:\Program Files\Git\cmd;D:\program_file\wamp64\bin\php\php5.6.25;D:\sogouDownload\svn\bin;D:\Program Files (x86)\nodejs\;D:\Program Files (x86)\Tesseract-OCR;D:\Program Files (x86)\phantomjs-2.1.1-windows\bin;C:\Program Files (x86)\Google\Chrome\Application;D:\program_file\mysql\bin;;C:\WINDOWS\System32\OpenSSH\;D:\anoconda3;D:\anoconda3\Library\mingw-w64\bin;D:\anoconda3\Library\usr\bin;D:\anoconda3\Library\bin;D:\anoconda3\Scripts;D:\program_file\py364\Scripts\;D:\program_file\py364\;C:\Users\Zcxu\AppData\Local\Microsoft\WindowsApps;C:\Users\Zcxu\AppData\Local\atom\bin;C:\Users\Zcxu\AppData\Local\Microsoft\WindowsApps;C:\Users\Zcxu\AppData\Roaming\npm;D:\program_file\Microsoft VS Code\bin;;D:\eclipse;
PATHEXT=.COM;.EXE;.BAT;.CMD;.VBS;.VBE;.JS;.JSE;.WSF;.WSH;.MSC
PROCESSOR_ARCHITECTURE=AMD64
PROCESSOR_IDENTIFIER=Intel64 Family 6 Model 60 Stepping 3, GenuineIntel
PROCESSOR_LEVEL=6
PROCESSOR_REVISION=3c03
PROGRAMDATA=C:\ProgramData
PROGRAMFILES(X86)=C:\Program Files (x86)
PROGRAMFILES=C:\Program Files
PROGRAMW6432=C:\Program Files
PROMPT=$P$G
PSMODULEPATH=C:\Program Files\WindowsPowerShell\Modules;C:\WINDOWS\system32\WindowsPowerShell\v1.0\Modules;C:\Program Files (x86)\VMware\Infrastructure\PowerCLI\Modules
PT5HOME=D:\Program Files (x86)\transfer_sc\Cisco Packet Tracer 6.1iv
PT6HOME=D:\Program Files (x86)\transfer_sc\Cisco Packet Tracer 6.1iv
PUBLIC=C:\Users\Public
PYTHONPATH=D:\eclipse\plugins\org.python.pydev_6.0.0.201709191431\pysrc\pydev_sitecustomize;D:\program_file\py364\DLLs;D:\program_file\py364\lib;D:\program_file\py364;D:\program_file\py364\lib\site-packages
SESSIONNAME=Console
SHIM_MCCOMPAT=0x810000001
SYSTEMDRIVE=C:
SYSTEMROOT=C:\WINDOWS
TEMP=C:\Users\Zcxu\AppData\Local\Temp
TESSDATA_PREFIX=D:\Program Files (x86)\Tesseract-OCR\
TMP=C:\Users\Zcxu\AppData\Local\Temp
USERDOMAIN=DESKTOP-IP3LN0E
USERDOMAIN_ROAMINGPROFILE=DESKTOP-IP3LN0E
USERNAME=Zcxu
USERPROFILE=C:\Users\Zcxu
WINDIR=C:\WINDOWS
WORKON_HOME=D:\Coding\py_virtual_env

 - Working Dir:
D:\eclipse\plugins\org.python.pydev_6.0.0.201709191431\pysrc

 - OS:
Windows 10

 - Std output:


 - Err output:
WARNING:tensorflow:From D:\program_file\py364\lib\site-packages\tensorflow\contrib\learn\python\learn\datasets\base.py:198: retry (from tensorflow.contrib.learn.python.learn.datasets.base) is deprecated and will be removed in a future version.
Instructions for updating:
Use the retry module or similar alternatives.

!STACK 0
java.net.SocketTimeoutException
	at sun.nio.ch.SocketAdaptor$SocketInputStream.read(Unknown Source)
	at sun.nio.ch.ChannelInputStream.read(Unknown Source)
	at java.io.InputStream.read(Unknown Source)
	at org.python.pydev.editor.codecompletion.shell.AbstractShell.read(AbstractShell.java:454)
	at org.python.pydev.editor.codecompletion.shell.AbstractShell.read(AbstractShell.java:506)
	at org.python.pydev.editor.codecompletion.shell.AbstractShell.writeAndGetResults(AbstractShell.java:692)
	at org.python.pydev.editor.codecompletion.shell.AbstractShell.getImportCompletions(AbstractShell.java:756)
	at org.python.pydev.editor.codecompletion.revisited.modules.CompiledModule.createTokensFromServer(CompiledModule.java:373)
	at org.python.pydev.editor.codecompletion.revisited.modules.CompiledModule.<init>(CompiledModule.java:176)
	at org.python.pydev.editor.codecompletion.revisited.modules.AbstractModule.createModule(AbstractModule.java:290)
	at org.python.pydev.editor.codecompletion.revisited.ModulesManager.getModule(ModulesManager.java:942)
	at org.python.pydev.editor.codecompletion.revisited.ModulesManager.getModule(ModulesManager.java:787)
	at org.python.pydev.editor.codecompletion.revisited.SystemModulesManager.getModule(SystemModulesManager.java:376)
	at com.python.pydev.analysis.additionalinfo.AbstractAdditionalDependencyInfo.updateKeysIfNeededAndSave(AbstractAdditionalDependencyInfo.java:256)
	at com.python.pydev.analysis.system_info_builder.InterpreterInfoBuilder.syncInfoToPythonPath(InterpreterInfoBuilder.java:160)
	at com.python.pydev.analysis.system_info_builder.InterpreterInfoBuilder.syncInfoToPythonPath(InterpreterInfoBuilder.java:86)
	at org.python.pydev.editor.codecompletion.revisited.SynchSystemModulesManager.synchronizeManagerToNameToInfoPythonpath(SynchSystemModulesManager.java:390)
	at org.python.pydev.editor.codecompletion.revisited.SynchSystemModulesManager$JobApplyChanges.run(SynchSystemModulesManager.java:139)
	at org.eclipse.core.internal.jobs.Worker.run(Worker.java:55)

!ENTRY org.python.pydev.shared_core 4 4 2018-07-16 13:57:56.025
!MESSAGE ERROR reading shell. Message sent: [Ljava.lang.String;@4e1a19e2

ProcessInfo:

 - Executed: D:\program_file\py364\python3.exe -u D:\eclipse\plugins\org.python.pydev_6.0.0.201709191431\pysrc\pycompletionserver.py 58549

 - Environment:
ALLUSERSPROFILE=C:\ProgramData
APPDATA=C:\Users\Zcxu\AppData\Roaming
ASL.LOG=Destination=file
CLASSPATH=.;D:\Program Files\java_jdk\lib\dt.jar;D:\Program Files\java_jdk\lib\tools.jar
COMMONPROGRAMFILES(X86)=C:\Program Files (x86)\Common Files
COMMONPROGRAMFILES=C:\Program Files\Common Files
COMMONPROGRAMW6432=C:\Program Files\Common Files
COMPUTERNAME=DESKTOP-IP3LN0E
COMSPEC=C:\WINDOWS\system32\cmd.exe
DRIVERDATA=C:\Windows\System32\Drivers\DriverData
FPS_BROWSER_APP_PROFILE_STRING=Internet Explorer
FPS_BROWSER_USER_PROFILE_STRING=Default
HOMEDRIVE=C:
HOMEPATH=\Users\Zcxu
JAVA_HOME=D:\Program Files\java_jdk
LOCALAPPDATA=C:\Users\Zcxu\AppData\Local
LOGONSERVER=\\DESKTOP-IP3LN0E
NUMBER_OF_PROCESSORS=4
NVIDIAWHITELISTED=0x01
ONEDRIVE=C:\Users\Zcxu\OneDrive
OS=Windows_NT
PATH=C:/Program Files/Java/jre1.8.0_151/bin/server;C:/Program Files/Java/jre1.8.0_151/bin;C:/Program Files/Java/jre1.8.0_151/lib/amd64;D:\program_file\py2712\Lib\site-packages\PyQt4;D:\Program Files (x86)\ImageMagick-7.0.7-Q16;C:\ProgramData\Oracle\Java\javapath;D:\program_file\py2712\;D:\program_file\py2712\Scripts;C:\WINDOWS\system32;C:\WINDOWS;C:\WINDOWS\System32\Wbem;C:\WINDOWS\System32\WindowsPowerShell\v1.0\;D:\program\python2.7.12;D:\Program Files\java_jdk\bin;D:\Program Files\Git\cmd;D:\program_file\wamp64\bin\php\php5.6.25;D:\sogouDownload\svn\bin;D:\Program Files (x86)\nodejs\;D:\Program Files (x86)\Tesseract-OCR;D:\Program Files (x86)\phantomjs-2.1.1-windows\bin;C:\Program Files (x86)\Google\Chrome\Application;D:\program_file\mysql\bin;;C:\WINDOWS\System32\OpenSSH\;D:\anoconda3;D:\anoconda3\Library\mingw-w64\bin;D:\anoconda3\Library\usr\bin;D:\anoconda3\Library\bin;D:\anoconda3\Scripts;D:\program_file\py364\Scripts\;D:\program_file\py364\;C:\Users\Zcxu\AppData\Local\Microsoft\WindowsApps;C:\Users\Zcxu\AppData\Local\atom\bin;C:\Users\Zcxu\AppData\Local\Microsoft\WindowsApps;C:\Users\Zcxu\AppData\Roaming\npm;D:\program_file\Microsoft VS Code\bin;;D:\eclipse;
PATHEXT=.COM;.EXE;.BAT;.CMD;.VBS;.VBE;.JS;.JSE;.WSF;.WSH;.MSC
PROCESSOR_ARCHITECTURE=AMD64
PROCESSOR_IDENTIFIER=Intel64 Family 6 Model 60 Stepping 3, GenuineIntel
PROCESSOR_LEVEL=6
PROCESSOR_REVISION=3c03
PROGRAMDATA=C:\ProgramData
PROGRAMFILES(X86)=C:\Program Files (x86)
PROGRAMFILES=C:\Program Files
PROGRAMW6432=C:\Program Files
PROMPT=$P$G
PSMODULEPATH=C:\Program Files\WindowsPowerShell\Modules;C:\WINDOWS\system32\WindowsPowerShell\v1.0\Modules;C:\Program Files (x86)\VMware\Infrastructure\PowerCLI\Modules
PT5HOME=D:\Program Files (x86)\transfer_sc\Cisco Packet Tracer 6.1iv
PT6HOME=D:\Program Files (x86)\transfer_sc\Cisco Packet Tracer 6.1iv
PUBLIC=C:\Users\Public
PYTHONPATH=D:\eclipse\plugins\org.python.pydev_6.0.0.201709191431\pysrc\pydev_sitecustomize;D:\program_file\py364\DLLs;D:\program_file\py364\lib;D:\program_file\py364;D:\program_file\py364\lib\site-packages
SESSIONNAME=Console
SHIM_MCCOMPAT=0x810000001
SYSTEMDRIVE=C:
SYSTEMROOT=C:\WINDOWS
TEMP=C:\Users\Zcxu\AppData\Local\Temp
TESSDATA_PREFIX=D:\Program Files (x86)\Tesseract-OCR\
TMP=C:\Users\Zcxu\AppData\Local\Temp
USERDOMAIN=DESKTOP-IP3LN0E
USERDOMAIN_ROAMINGPROFILE=DESKTOP-IP3LN0E
USERNAME=Zcxu
USERPROFILE=C:\Users\Zcxu
WINDIR=C:\WINDOWS
WORKON_HOME=D:\Coding\py_virtual_env

 - Working Dir:
D:\eclipse\plugins\org.python.pydev_6.0.0.201709191431\pysrc

 - OS:
Windows 10

 - Std output:


 - Err output:

!STACK 0
java.net.SocketTimeoutException
	at sun.nio.ch.SocketAdaptor$SocketInputStream.read(Unknown Source)
	at sun.nio.ch.ChannelInputStream.read(Unknown Source)
	at java.io.InputStream.read(Unknown Source)
	at org.python.pydev.editor.codecompletion.shell.AbstractShell.read(AbstractShell.java:454)
	at org.python.pydev.editor.codecompletion.shell.AbstractShell.read(AbstractShell.java:506)
	at org.python.pydev.editor.codecompletion.shell.AbstractShell.writeAndGetResults(AbstractShell.java:692)
	at org.python.pydev.editor.codecompletion.shell.AbstractShell.getImportCompletions(AbstractShell.java:756)
	at org.python.pydev.editor.codecompletion.revisited.modules.CompiledModule.createTokensFromServer(CompiledModule.java:373)
	at org.python.pydev.editor.codecompletion.revisited.modules.CompiledModule.<init>(CompiledModule.java:176)
	at org.python.pydev.editor.codecompletion.revisited.modules.AbstractModule.createModule(AbstractModule.java:290)
	at org.python.pydev.editor.codecompletion.revisited.ModulesManager.getModule(ModulesManager.java:942)
	at org.python.pydev.editor.codecompletion.revisited.ModulesManager.getModule(ModulesManager.java:787)
	at org.python.pydev.editor.codecompletion.revisited.SystemModulesManager.getModule(SystemModulesManager.java:376)
	at com.python.pydev.analysis.additionalinfo.AbstractAdditionalDependencyInfo.updateKeysIfNeededAndSave(AbstractAdditionalDependencyInfo.java:256)
	at com.python.pydev.analysis.system_info_builder.InterpreterInfoBuilder.syncInfoToPythonPath(InterpreterInfoBuilder.java:160)
	at com.python.pydev.analysis.system_info_builder.InterpreterInfoBuilder.syncInfoToPythonPath(InterpreterInfoBuilder.java:86)
	at org.python.pydev.editor.codecompletion.revisited.SynchSystemModulesManager.synchronizeManagerToNameToInfoPythonpath(SynchSystemModulesManager.java:390)
	at org.python.pydev.editor.codecompletion.revisited.SynchSystemModulesManager$JobApplyChanges.run(SynchSystemModulesManager.java:139)
	at org.eclipse.core.internal.jobs.Worker.run(Worker.java:55)

!ENTRY org.python.pydev.shared_core 4 4 2018-07-16 14:03:32.380
!MESSAGE Info: Rebuilding internal caches: D:\github_repo\python\django\.metadata\.plugins\org.eclipse.core.resources\.projects\allthingstest\com.python.pydev.analysis\AdditionalProjectInterpreterInfo.pydevinfo (Expected error to be provided and got no error!)

!ENTRY org.tigris.subversion.clientadapter.javahl 1 0 2018-07-16 14:03:33.800
!MESSAGE Failed to load JavaHL Library.
These are the errors that were encountered:
no libapr-1 in java.library.path
no libapriconv-1 in java.library.path
no libaprutil-1 in java.library.path
no libsvn_subr-1 in java.library.path
no libsvn_delta-1 in java.library.path
no libsvn_diff-1 in java.library.path
no libsvn_wc-1 in java.library.path
no libsvn_fs-1 in java.library.path
no libsvn_repos-1 in java.library.path
no libsvn_ra-1 in java.library.path
no libsvn_client-1 in java.library.path
no libsvnjavahl-1 in java.library.path
no svnjavahl-1 in java.library.path
no svnjavahl in java.library.path
java.library.path = D:\eclipse;C:\WINDOWS\Sun\Java\bin;C:\WINDOWS\system32;C:\WINDOWS;C:/Program Files/Java/jre1.8.0_151/bin/server;C:/Program Files/Java/jre1.8.0_151/bin;C:/Program Files/Java/jre1.8.0_151/lib/amd64;D:\program_file\py2712\Lib\site-packages\PyQt4;D:\Program Files (x86)\ImageMagick-7.0.7-Q16;C:\ProgramData\Oracle\Java\javapath;D:\program_file\py2712\;D:\program_file\py2712\Scripts;C:\WINDOWS\system32;C:\WINDOWS;C:\WINDOWS\System32\Wbem;C:\WINDOWS\System32\WindowsPowerShell\v1.0\;D:\program\python2.7.12;D:\Program Files\java_jdk\bin;D:\Program Files\Git\cmd;D:\program_file\wamp64\bin\php\php5.6.25;D:\sogouDownload\svn\bin;D:\Program Files (x86)\nodejs\;D:\Program Files (x86)\Tesseract-OCR;D:\Program Files (x86)\phantomjs-2.1.1-windows\bin;C:\Program Files (x86)\Google\Chrome\Application;D:\program_file\mysql\bin;;C:\WINDOWS\System32\OpenSSH\;D:\anoconda3;D:\anoconda3\Library\mingw-w64\bin;D:\anoconda3\Library\usr\bin;D:\anoconda3\Library\bin;D:\anoconda3\Scripts;D:\program_file\py364\Scripts\;D:\program_file\py364\;C:\Users\Zcxu\AppData\Local\Microsoft\WindowsApps;C:\Users\Zcxu\AppData\Local\atom\bin;C:\Users\Zcxu\AppData\Local\Microsoft\WindowsApps;C:\Users\Zcxu\AppData\Roaming\npm;D:\program_file\Microsoft VS Code\bin;;D:\eclipse;;.
